{"level":"info","message":"Hello from Acquisitions!","service":"acquisitions-api"}
{"level":"info","message":"::1 - - [21/Apr/2026:12:52:55 +0000] \"GET / HTTP/1.1\" 304 - \"-\" \"Mozilla/5.0 (Windows NT 10.0; Win64; x64) AppleWebKit/537.36 (KHTML, like Gecko) Chrome/147.0.0.0 Safari/537.36\"","service":"acquisitions-api"}
{"level":"info","message":"Hello from Acquisitions!","service":"acquisitions-api","timestamp":"2026-04-22T05:37:23.987Z"}
{"level":"info","message":"::1 - - [22/Apr/2026:05:37:24 +0000] \"GET / HTTP/1.1\" 304 - \"-\" \"Mozilla/5.0 (Windows NT 10.0; Win64; x64) AppleWebKit/537.36 (KHTML, like Gecko) Chrome/147.0.0.0 Safari/537.36\"","service":"acquisitions-api","timestamp":"2026-04-22T05:37:24.005Z"}
{"level":"info","message":"::1 - - [22/Apr/2026:05:37:24 +0000] \"GET /favicon.ico HTTP/1.1\" 404 150 \"-\" \"Mozilla/5.0 (Windows NT 10.0; Win64; x64) AppleWebKit/537.36 (KHTML, like Gecko) Chrome/147.0.0.0 Safari/537.36\"","service":"acquisitions-api","timestamp":"2026-04-22T05:37:24.150Z"}
{"level":"info","message":"::1 - - [22/Apr/2026:05:37:35 +0000] \"GET /api HTTP/1.1\" 200 42 \"-\" \"Mozilla/5.0 (Windows NT 10.0; Win64; x64) AppleWebKit/537.36 (KHTML, like Gecko) Chrome/147.0.0.0 Safari/537.36\"","service":"acquisitions-api","timestamp":"2026-04-22T05:37:35.013Z"}
{"level":"info","message":"::1 - - [22/Apr/2026:05:38:36 +0000] \"GET /health HTTP/1.1\" 200 74 \"-\" \"Mozilla/5.0 (Windows NT 10.0; Win64; x64) AppleWebKit/537.36 (KHTML, like Gecko) Chrome/147.0.0.0 Safari/537.36\"","service":"acquisitions-api","timestamp":"2026-04-22T05:38:36.434Z"}
{"level":"info","message":"::1 - - [22/Apr/2026:05:38:44 +0000] \"GET /health HTTP/1.1\" 200 73 \"-\" \"Mozilla/5.0 (Windows NT 10.0; Win64; x64) AppleWebKit/537.36 (KHTML, like Gecko) Chrome/147.0.0.0 Safari/537.36\"","service":"acquisitions-api","timestamp":"2026-04-22T05:38:44.531Z"}
{"level":"info","message":"::1 - - [22/Apr/2026:05:38:48 +0000] \"GET /health HTTP/1.1\" 200 74 \"-\" \"Mozilla/5.0 (Windows NT 10.0; Win64; x64) AppleWebKit/537.36 (KHTML, like Gecko) Chrome/147.0.0.0 Safari/537.36\"","service":"acquisitions-api","timestamp":"2026-04-22T05:38:48.468Z"}
{"level":"info","message":"::1 - - [22/Apr/2026:05:39:11 +0000] \"GET /api/auth/sign-up HTTP/1.1\" 404 155 \"-\" \"Mozilla/5.0 (Windows NT 10.0; Win64; x64) AppleWebKit/537.36 (KHTML, like Gecko) Chrome/147.0.0.0 Safari/537.36\"","service":"acquisitions-api","timestamp":"2026-04-22T05:39:11.973Z"}
{"level":"info","message":"Hello from Acquisitions!","service":"acquisitions-api","timestamp":"2026-04-22T05:43:16.412Z"}
{"level":"info","message":"::1 - - [22/Apr/2026:05:43:16 +0000] \"GET / HTTP/1.1\" 200 24 \"-\" \"HTTPie\"","service":"acquisitions-api","timestamp":"2026-04-22T05:43:16.414Z"}
{"level":"info","message":"::1 - - [22/Apr/2026:05:43:41 +0000] \"GET /api HTTP/1.1\" 200 42 \"-\" \"HTTPie\"","service":"acquisitions-api","timestamp":"2026-04-22T05:43:41.979Z"}
{"level":"info","message":"::1 - - [22/Apr/2026:05:43:49 +0000] \"GET /health HTTP/1.1\" 200 75 \"-\" \"HTTPie\"","service":"acquisitions-api","timestamp":"2026-04-22T05:43:49.841Z"}
{"level":"info","message":"::1 - - [22/Apr/2026:05:44:09 +0000] \"POST /api HTTP/1.1\" 404 143 \"-\" \"HTTPie\"","service":"acquisitions-api","timestamp":"2026-04-22T05:44:09.033Z"}
{"level":"info","message":"::1 - - [22/Apr/2026:05:44:22 +0000] \"POST /api/auth/sign-up HTTP/1.1\" 200 31 \"-\" \"HTTPie\"","service":"acquisitions-api","timestamp":"2026-04-22T05:44:22.199Z"}
{"level":"info","message":"::1 - - [22/Apr/2026:07:38:19 +0000] \"POST /api/auth/sign-up HTTP/1.1\" 400 92 \"-\" \"HTTPie\"","service":"acquisitions-api","timestamp":"2026-04-22T07:38:19.214Z"}
{"level":"info","message":"User registered successfully: ranjeetv.dev@gmail.com","service":"acquisitions-api","timestamp":"2026-04-22T07:40:43.302Z"}
{"level":"info","message":"::1 - - [22/Apr/2026:07:40:43 +0000] \"POST /api/auth/sign-up HTTP/1.1\" 201 118 \"-\" \"HTTPie\"","service":"acquisitions-api","timestamp":"2026-04-22T07:40:43.304Z"}
{"level":"info","message":"::1 - - [22/Apr/2026:10:02:04 +0000] \"POST /api/ HTTP/1.1\" 404 144 \"-\" \"HTTPie\"","service":"acquisitions-api","timestamp":"2026-04-22T10:02:04.459Z"}
{"level":"info","message":"Hello from Acquisitions!","service":"acquisitions-api","timestamp":"2026-04-22T10:02:15.397Z"}
{"level":"info","message":"::1 - - [22/Apr/2026:10:02:15 +0000] \"GET / HTTP/1.1\" 200 24 \"-\" \"HTTPie\"","service":"acquisitions-api","timestamp":"2026-04-22T10:02:15.401Z"}
{"level":"info","message":"User ranjeetv.dev@gmail.com created successfully","service":"acquisitions-api","timestamp":"2026-04-22T10:07:27.952Z"}
{"level":"info","message":"User registered successfully: ranjeetv.dev@gmail.com","service":"acquisitions-api","timestamp":"2026-04-22T10:07:27.981Z"}
{"level":"info","message":"::1 - - [22/Apr/2026:10:07:27 +0000] \"POST /api/auth/sign-up HTTP/1.1\" 201 119 \"-\" \"HTTPie\"","service":"acquisitions-api","timestamp":"2026-04-22T10:07:27.984Z"}
{"level":"info","message":"User vishwakarmashyam971@gmail.com created successfully","service":"acquisitions-api","timestamp":"2026-04-22T10:10:58.020Z"}
{"level":"info","message":"User registered successfully: vishwakarmashyam971@gmail.com","service":"acquisitions-api","timestamp":"2026-04-22T10:10:58.023Z"}
{"level":"info","message":"::1 - - [22/Apr/2026:10:10:58 +0000] \"POST /api/auth/sign-up HTTP/1.1\" 201 123 \"-\" \"HTTPie\"","service":"acquisitions-api","timestamp":"2026-04-22T10:10:58.026Z"}
{"level":"info","message":"Hello from Acquisitions!","service":"acquisitions-api","timestamp":"2026-04-23T09:24:20.018Z"}
{"level":"info","message":"::1 - - [23/Apr/2026:09:24:20 +0000] \"GET / HTTP/1.1\" 304 - \"-\" \"Mozilla/5.0 (Windows NT 10.0; Win64; x64) AppleWebKit/537.36 (KHTML, like Gecko) Chrome/147.0.0.0 Safari/537.36\"","service":"acquisitions-api","timestamp":"2026-04-23T09:24:20.028Z"}
{"level":"info","message":"::1 - - [23/Apr/2026:09:24:20 +0000] \"GET /favicon.ico HTTP/1.1\" 404 27 \"-\" \"Mozilla/5.0 (Windows NT 10.0; Win64; x64) AppleWebKit/537.36 (KHTML, like Gecko) Chrome/147.0.0.0 Safari/537.36\"","service":"acquisitions-api","timestamp":"2026-04-23T09:24:20.176Z"}
{"level":"info","message":"::1 - - [23/Apr/2026:09:26:43 +0000] \"POST /api/ HTTP/1.1\" 404 27 \"-\" \"HTTPie\"","service":"acquisitions-api","timestamp":"2026-04-23T09:26:43.870Z"}
{"level":"info","message":"::1 - - [23/Apr/2026:09:27:07 +0000] \"GET /api/ HTTP/1.1\" 200 42 \"-\" \"HTTPie\"","service":"acquisitions-api","timestamp":"2026-04-23T09:27:07.224Z"}
{"level":"info","message":"::1 - - [23/Apr/2026:09:32:59 +0000] \"GET /api/auth/sign-out HTTP/1.1\" 404 27 \"-\" \"HTTPie\"","service":"acquisitions-api","timestamp":"2026-04-23T09:32:59.204Z"}
{"level":"info","message":"::1 - - [23/Apr/2026:09:33:03 +0000] \"POST /api/auth/sign-out HTTP/1.1\" 200 32 \"-\" \"HTTPie\"","service":"acquisitions-api","timestamp":"2026-04-23T09:33:03.845Z"}
{"level":"info","message":"User vishwakarmashyam971@gmail.com authenticated successfully","service":"acquisitions-api","timestamp":"2026-04-23T09:33:11.688Z"}
{"level":"info","message":"User signed in successfully: vishwakarmashyam971@gmail.com","service":"acquisitions-api","timestamp":"2026-04-23T09:33:11.692Z"}
{"level":"info","message":"::1 - - [23/Apr/2026:09:33:11 +0000] \"POST /api/auth/sign-in HTTP/1.1\" 200 138 \"-\" \"HTTPie\"","service":"acquisitions-api","timestamp":"2026-04-23T09:33:11.693Z"}
{"level":"error","message":"Error authenticating user: Error: Invalid password","service":"acquisitions-api","timestamp":"2026-04-23T09:33:38.015Z"}
{"level":"error","message":"Sign in error:  Invalid password","service":"acquisitions-api","stack":"Error: Invalid password\n    at authenticateUser (file:///D:/projects/devOps/docker-course/acquisitions/src/services/auth.service.js:67:33)\n    at async signIn (file:///D:/projects/devOps/docker-course/acquisitions/src/controllers/auth.controller.js:65:18)","timestamp":"2026-04-23T09:33:38.016Z"}
{"level":"info","message":"::1 - - [23/Apr/2026:09:33:38 +0000] \"POST /api/auth/sign-in HTTP/1.1\" 500 408 \"-\" \"HTTPie\"","service":"acquisitions-api","timestamp":"2026-04-23T09:33:38.017Z"}
{"level":"info","message":"Hello from Acquisitions!","service":"acquisitions-api","timestamp":"2026-04-23T10:32:02.281Z"}
{"level":"info","message":"::1 - - [23/Apr/2026:10:32:02 +0000] \"GET / HTTP/1.1\" 304 - \"-\" \"Mozilla/5.0 (Windows NT 10.0; Win64; x64) AppleWebKit/537.36 (KHTML, like Gecko) Chrome/147.0.0.0 Safari/537.36\"","service":"acquisitions-api","timestamp":"2026-04-23T10:32:02.296Z"}
{"level":"info","message":"User signed out successfully","service":"acquisitions-api","timestamp":"2026-04-23T10:37:05.549Z"}
{"level":"info","message":"::1 - - [23/Apr/2026:10:37:05 +0000] \"POST /api/auth/sign-out HTTP/1.1\" 200 42 \"-\" \"HTTPie\"","service":"acquisitions-api","timestamp":"2026-04-23T10:37:05.552Z"}
{"level":"info","message":"::1 - - [23/Apr/2026:10:37:14 +0000] \"GET /api/auth/sign-out HTTP/1.1\" 404 27 \"-\" \"HTTPie\"","service":"acquisitions-api","timestamp":"2026-04-23T10:37:14.274Z"}
{"level":"info","message":"User signed out successfully","service":"acquisitions-api","timestamp":"2026-04-23T10:37:19.023Z"}
{"level":"info","message":"::1 - - [23/Apr/2026:10:37:19 +0000] \"POST /api/auth/sign-out HTTP/1.1\" 200 42 \"-\" \"HTTPie\"","service":"acquisitions-api","timestamp":"2026-04-23T10:37:19.025Z"}
{"level":"info","message":"Hello from Acquisitions!","service":"acquisitions-api","timestamp":"2026-04-24T08:53:04.688Z"}
{"level":"info","message":"::1 - - [24/Apr/2026:08:53:04 +0000] \"GET / HTTP/1.1\" 304 - \"-\" \"Mozilla/5.0 (Windows NT 10.0; Win64; x64) AppleWebKit/537.36 (KHTML, like Gecko) Chrome/147.0.0.0 Safari/537.36\"","service":"acquisitions-api","timestamp":"2026-04-24T08:53:04.711Z"}
{"level":"info","message":"::1 - - [24/Apr/2026:08:53:04 +0000] \"GET /favicon.ico HTTP/1.1\" 404 27 \"-\" \"Mozilla/5.0 (Windows NT 10.0; Win64; x64) AppleWebKit/537.36 (KHTML, like Gecko) Chrome/147.0.0.0 Safari/537.36\"","service":"acquisitions-api","timestamp":"2026-04-24T08:53:04.894Z"}
{"level":"info","message":"::1 - - [24/Apr/2026:08:53:11 +0000] \"GET /api HTTP/1.1\" 200 42 \"-\" \"Mozilla/5.0 (Windows NT 10.0; Win64; x64) AppleWebKit/537.36 (KHTML, like Gecko) Chrome/147.0.0.0 Safari/537.36\"","service":"acquisitions-api","timestamp":"2026-04-24T08:53:11.219Z"}
{"level":"info","message":"Getting users...","service":"acquisitions-api","timestamp":"2026-04-24T08:53:18.303Z"}
{"cause":{"name":"NeonDbError","sourceError":{}},"level":"error","message":"Error getting users Failed query: select \"id\", \"email\", \"name\", \"role\", \"created_at\", \"updated_at\" from \"users\"\nparams: ","params":[],"query":"select \"id\", \"email\", \"name\", \"role\", \"created_at\", \"updated_at\" from \"users\"","service":"acquisitions-api","stack":"Error: Failed query: select \"id\", \"email\", \"name\", \"role\", \"created_at\", \"updated_at\" from \"users\"\nparams: \n    at NeonHttpPreparedQuery.queryWithCache (file:///D:/projects/devOps/docker-course/acquisitions/node_modules/drizzle-orm/pg-core/session.js:41:15)\n    at process.processTicksAndRejections (node:internal/process/task_queues:104:5)\n    at async NeonHttpPreparedQuery.execute (file:///D:/projects/devOps/docker-course/acquisitions/node_modules/drizzle-orm/neon-http/session.js:45:20)\n    at async getAllUsers (file:///D:/projects/devOps/docker-course/acquisitions/src/services/users.service.js:7:12)\n    at async fetchAllUsers (file:///D:/projects/devOps/docker-course/acquisitions/src/controllers/users.controller.js:8:22)","timestamp":"2026-04-24T08:53:21.342Z"}
{"cause":{"name":"NeonDbError","sourceError":{}},"level":"error","message":"Failed query: select \"id\", \"email\", \"name\", \"role\", \"created_at\", \"updated_at\" from \"users\"\nparams: ","params":[],"query":"select \"id\", \"email\", \"name\", \"role\", \"created_at\", \"updated_at\" from \"users\"","service":"acquisitions-api","stack":"Error: Failed query: select \"id\", \"email\", \"name\", \"role\", \"created_at\", \"updated_at\" from \"users\"\nparams: \n    at NeonHttpPreparedQuery.queryWithCache (file:///D:/projects/devOps/docker-course/acquisitions/node_modules/drizzle-orm/pg-core/session.js:41:15)\n    at process.processTicksAndRejections (node:internal/process/task_queues:104:5)\n    at async NeonHttpPreparedQuery.execute (file:///D:/projects/devOps/docker-course/acquisitions/node_modules/drizzle-orm/neon-http/session.js:45:20)\n    at async getAllUsers (file:///D:/projects/devOps/docker-course/acquisitions/src/services/users.service.js:7:12)\n    at async fetchAllUsers (file:///D:/projects/devOps/docker-course/acquisitions/src/controllers/users.controller.js:8:22)","timestamp":"2026-04-24T08:53:21.343Z"}
{"level":"info","message":"::1 - - [24/Apr/2026:08:53:21 +0000] \"GET /api/users HTTP/1.1\" 500 996 \"-\" \"Mozilla/5.0 (Windows NT 10.0; Win64; x64) AppleWebKit/537.36 (KHTML, like Gecko) Chrome/147.0.0.0 Safari/537.36\"","service":"acquisitions-api","timestamp":"2026-04-24T08:53:21.349Z"}
{"level":"info","message":"::1 - - [24/Apr/2026:08:53:34 +0000] \"GET /api/auth/users HTTP/1.1\" 404 27 \"-\" \"Mozilla/5.0 (Windows NT 10.0; Win64; x64) AppleWebKit/537.36 (KHTML, like Gecko) Chrome/147.0.0.0 Safari/537.36\"","service":"acquisitions-api","timestamp":"2026-04-24T08:53:34.803Z"}
{"level":"info","message":"::1 - - [24/Apr/2026:08:53:57 +0000] \"GET /api//users HTTP/1.1\" 404 27 \"-\" \"Mozilla/5.0 (Windows NT 10.0; Win64; x64) AppleWebKit/537.36 (KHTML, like Gecko) Chrome/147.0.0.0 Safari/537.36\"","service":"acquisitions-api","timestamp":"2026-04-24T08:53:57.057Z"}
{"level":"info","message":"Getting users...","service":"acquisitions-api","timestamp":"2026-04-24T08:54:05.288Z"}
{"cause":{"name":"NeonDbError","sourceError":{}},"level":"error","message":"Error getting users Failed query: select \"id\", \"email\", \"name\", \"role\", \"created_at\", \"updated_at\" from \"users\"\nparams: ","params":[],"query":"select \"id\", \"email\", \"name\", \"role\", \"created_at\", \"updated_at\" from \"users\"","service":"acquisitions-api","stack":"Error: Failed query: select \"id\", \"email\", \"name\", \"role\", \"created_at\", \"updated_at\" from \"users\"\nparams: \n    at NeonHttpPreparedQuery.queryWithCache (file:///D:/projects/devOps/docker-course/acquisitions/node_modules/drizzle-orm/pg-core/session.js:41:15)\n    at process.processTicksAndRejections (node:internal/process/task_queues:104:5)\n    at async NeonHttpPreparedQuery.execute (file:///D:/projects/devOps/docker-course/acquisitions/node_modules/drizzle-orm/neon-http/session.js:45:20)\n    at async getAllUsers (file:///D:/projects/devOps/docker-course/acquisitions/src/services/users.service.js:7:12)\n    at async fetchAllUsers (file:///D:/projects/devOps/docker-course/acquisitions/src/controllers/users.controller.js:8:22)","timestamp":"2026-04-24T08:54:08.201Z"}
{"cause":{"name":"NeonDbError","sourceError":{}},"level":"error","message":"Failed query: select \"id\", \"email\", \"name\", \"role\", \"created_at\", \"updated_at\" from \"users\"\nparams: ","params":[],"query":"select \"id\", \"email\", \"name\", \"role\", \"created_at\", \"updated_at\" from \"users\"","service":"acquisitions-api","stack":"Error: Failed query: select \"id\", \"email\", \"name\", \"role\", \"created_at\", \"updated_at\" from \"users\"\nparams: \n    at NeonHttpPreparedQuery.queryWithCache (file:///D:/projects/devOps/docker-course/acquisitions/node_modules/drizzle-orm/pg-core/session.js:41:15)\n    at process.processTicksAndRejections (node:internal/process/task_queues:104:5)\n    at async NeonHttpPreparedQuery.execute (file:///D:/projects/devOps/docker-course/acquisitions/node_modules/drizzle-orm/neon-http/session.js:45:20)\n    at async getAllUsers (file:///D:/projects/devOps/docker-course/acquisitions/src/services/users.service.js:7:12)\n    at async fetchAllUsers (file:///D:/projects/devOps/docker-course/acquisitions/src/controllers/users.controller.js:8:22)","timestamp":"2026-04-24T08:54:08.203Z"}
{"level":"info","message":"::1 - - [24/Apr/2026:08:54:08 +0000] \"GET /api/users HTTP/1.1\" 500 996 \"-\" \"Mozilla/5.0 (Windows NT 10.0; Win64; x64) AppleWebKit/537.36 (KHTML, like Gecko) Chrome/147.0.0.0 Safari/537.36\"","service":"acquisitions-api","timestamp":"2026-04-24T08:54:08.207Z"}
{"level":"info","message":"Getting users...","service":"acquisitions-api","timestamp":"2026-04-24T08:54:36.008Z"}
{"level":"info","message":"::1 - - [24/Apr/2026:08:54:37 +0000] \"GET /api/users HTTP/1.1\" 200 398 \"-\" \"Mozilla/5.0 (Windows NT 10.0; Win64; x64) AppleWebKit/537.36 (KHTML, like Gecko) Chrome/147.0.0.0 Safari/537.36\"","service":"acquisitions-api","timestamp":"2026-04-24T08:54:37.672Z"}
{"level":"info","message":"Getting users...","service":"acquisitions-api","timestamp":"2026-04-24T10:19:30.808Z"}
{"level":"info","message":"::1 - - [24/Apr/2026:10:19:32 +0000] \"GET /api/users HTTP/1.1\" 304 - \"-\" \"Mozilla/5.0 (Windows NT 10.0; Win64; x64) AppleWebKit/537.36 (KHTML, like Gecko) Chrome/147.0.0.0 Safari/537.36\"","service":"acquisitions-api","timestamp":"2026-04-24T10:19:32.336Z"}
{"level":"info","message":"::1 - - [28/Apr/2026:11:02:57 +0000] \"GET /api/users HTTP/1.1\" 401 72 \"-\" \"HTTPie\"","service":"acquisitions-api","timestamp":"2026-04-28T11:02:57.777Z"}
{"level":"info","message":"::1 - - [28/Apr/2026:11:03:08 +0000] \"GET /api/sign-in HTTP/1.1\" 404 27 \"-\" \"HTTPie\"","service":"acquisitions-api","timestamp":"2026-04-28T11:03:08.633Z"}
{"level":"info","message":"::1 - - [28/Apr/2026:11:06:03 +0000] \"POST /api/sign-in HTTP/1.1\" 404 27 \"-\" \"HTTPie\"","service":"acquisitions-api","timestamp":"2026-04-28T11:06:03.021Z"}
{"level":"info","message":"User ranjeetv.dev@gmail.com authenticated successfully","service":"acquisitions-api","timestamp":"2026-04-28T11:06:13.764Z"}
{"level":"info","message":"User signed in successfully: ranjeetv.dev@gmail.com","service":"acquisitions-api","timestamp":"2026-04-28T11:06:13.798Z"}
{"level":"info","message":"::1 - - [28/Apr/2026:11:06:13 +0000] \"POST /api/auth/sign-in HTTP/1.1\" 200 134 \"-\" \"HTTPie\"","service":"acquisitions-api","timestamp":"2026-04-28T11:06:13.801Z"}
{"level":"info","message":"User authenticated: ranjeetv.dev@gmail.com (admin)","service":"acquisitions-api","timestamp":"2026-04-28T11:06:51.697Z"}
{"level":"info","message":"Getting user by id: 2","service":"acquisitions-api","timestamp":"2026-04-28T11:06:51.698Z"}
{"level":"error","message":"Error getting user by id ${id}:  Cannot access 'user' before initialization","service":"acquisitions-api","stack":"ReferenceError: Cannot access 'user' before initialization\n    at getUserById (file:///D:/projects/devOps/docker-course/acquisitions/src/services/users.service.js:36:17)\n    at fetchUserById (file:///D:/projects/devOps/docker-course/acquisitions/src/controllers/users.controller.js:45:24)\n    at Layer.handleRequest (D:\\projects\\devOps\\docker-course\\acquisitions\\node_modules\\router\\lib\\layer.js:152:17)\n    at next (D:\\projects\\devOps\\docker-course\\acquisitions\\node_modules\\router\\lib\\route.js:157:13)\n    at authenticateToken (file:///D:/projects/devOps/docker-course/acquisitions/src/middleware/auth.middleware.js:18:5)\n    at Layer.handleRequest (D:\\projects\\devOps\\docker-course\\acquisitions\\node_modules\\router\\lib\\layer.js:152:17)\n    at next (D:\\projects\\devOps\\docker-course\\acquisitions\\node_modules\\router\\lib\\route.js:157:13)\n    at Route.dispatch (D:\\projects\\devOps\\docker-course\\acquisitions\\node_modules\\router\\lib\\route.js:117:3)\n    at handle (D:\\projects\\devOps\\docker-course\\acquisitions\\node_modules\\router\\index.js:435:11)\n    at Layer.handleRequest (D:\\projects\\devOps\\docker-course\\acquisitions\\node_modules\\router\\lib\\layer.js:152:17)","timestamp":"2026-04-28T11:06:51.700Z"}
{"level":"error","message":"Error fetching user by id: Cannot access 'user' before initialization","service":"acquisitions-api","timestamp":"2026-04-28T11:06:51.701Z"}
{"level":"info","message":"::1 - - [28/Apr/2026:11:06:51 +0000] \"GET /api/users/2 HTTP/1.1\" 500 1425 \"-\" \"HTTPie\"","service":"acquisitions-api","timestamp":"2026-04-28T11:06:51.706Z"}
{"level":"info","message":"User authenticated: ranjeetv.dev@gmail.com (admin)","service":"acquisitions-api","timestamp":"2026-04-28T11:07:49.337Z"}
{"level":"info","message":"Getting users...","service":"acquisitions-api","timestamp":"2026-04-28T11:07:49.343Z"}
{"level":"info","message":"::1 - - [28/Apr/2026:11:07:50 +0000] \"GET /api/users/ HTTP/1.1\" 200 398 \"-\" \"HTTPie\"","service":"acquisitions-api","timestamp":"2026-04-28T11:07:50.379Z"}
{"level":"info","message":"::1 - - [28/Apr/2026:11:09:05 +0000] \"GET /api/users HTTP/1.1\" 401 72 \"-\" \"Mozilla/5.0 (Windows NT 10.0; Win64; x64) AppleWebKit/537.36 (KHTML, like Gecko) Chrome/147.0.0.0 Safari/537.36\"","service":"acquisitions-api","timestamp":"2026-04-28T11:09:05.631Z"}
{"level":"info","message":"::1 - - [28/Apr/2026:11:09:05 +0000] \"GET /favicon.ico HTTP/1.1\" 404 27 \"-\" \"Mozilla/5.0 (Windows NT 10.0; Win64; x64) AppleWebKit/537.36 (KHTML, like Gecko) Chrome/147.0.0.0 Safari/537.36\"","service":"acquisitions-api","timestamp":"2026-04-28T11:09:05.856Z"}
{"level":"info","message":"User authenticated: ranjeetv.dev@gmail.com (admin)","service":"acquisitions-api","timestamp":"2026-04-28T11:09:18.528Z"}
{"level":"info","message":"Getting users...","service":"acquisitions-api","timestamp":"2026-04-28T11:09:18.528Z"}
{"level":"info","message":"::1 - - [28/Apr/2026:11:09:19 +0000] \"GET /api/users/ HTTP/1.1\" 200 398 \"-\" \"HTTPie\"","service":"acquisitions-api","timestamp":"2026-04-28T11:09:19.352Z"}
{"level":"info","message":"User authenticated: ranjeetv.dev@gmail.com (admin)","service":"acquisitions-api","timestamp":"2026-04-28T11:09:24.126Z"}
{"level":"info","message":"Getting user by id: 2","service":"acquisitions-api","timestamp":"2026-04-28T11:09:24.130Z"}
{"level":"error","message":"Error getting user by id ${id}:  Cannot access 'user' before initialization","service":"acquisitions-api","stack":"ReferenceError: Cannot access 'user' before initialization\n    at getUserById (file:///D:/projects/devOps/docker-course/acquisitions/src/services/users.service.js:36:17)\n    at fetchUserById (file:///D:/projects/devOps/docker-course/acquisitions/src/controllers/users.controller.js:45:24)\n    at Layer.handleRequest (D:\\projects\\devOps\\docker-course\\acquisitions\\node_modules\\router\\lib\\layer.js:152:17)\n    at next (D:\\projects\\devOps\\docker-course\\acquisitions\\node_modules\\router\\lib\\route.js:157:13)\n    at authenticateToken (file:///D:/projects/devOps/docker-course/acquisitions/src/middleware/auth.middleware.js:18:5)\n    at Layer.handleRequest (D:\\projects\\devOps\\docker-course\\acquisitions\\node_modules\\router\\lib\\layer.js:152:17)\n    at next (D:\\projects\\devOps\\docker-course\\acquisitions\\node_modules\\router\\lib\\route.js:157:13)\n    at Route.dispatch (D:\\projects\\devOps\\docker-course\\acquisitions\\node_modules\\router\\lib\\route.js:117:3)\n    at handle (D:\\projects\\devOps\\docker-course\\acquisitions\\node_modules\\router\\index.js:435:11)\n    at Layer.handleRequest (D:\\projects\\devOps\\docker-course\\acquisitions\\node_modules\\router\\lib\\layer.js:152:17)","timestamp":"2026-04-28T11:09:24.138Z"}
{"level":"error","message":"Error fetching user by id: Cannot access 'user' before initialization","service":"acquisitions-api","timestamp":"2026-04-28T11:09:24.140Z"}
{"level":"info","message":"::1 - - [28/Apr/2026:11:09:24 +0000] \"GET /api/users/2 HTTP/1.1\" 500 1425 \"-\" \"HTTPie\"","service":"acquisitions-api","timestamp":"2026-04-28T11:09:24.144Z"}
{"level":"info","message":"User authenticated: ranjeetv.dev@gmail.com (admin)","service":"acquisitions-api","timestamp":"2026-04-28T11:13:18.650Z"}
{"level":"info","message":"Getting user by id: 2","service":"acquisitions-api","timestamp":"2026-04-28T11:13:18.651Z"}
{"level":"error","message":"Error getting user by id ${id}:  Cannot access 'user' before initialization","service":"acquisitions-api","stack":"ReferenceError: Cannot access 'user' before initialization\n    at getUserById (file:///D:/projects/devOps/docker-course/acquisitions/src/services/users.service.js:36:17)\n    at fetchUserById (file:///D:/projects/devOps/docker-course/acquisitions/src/controllers/users.controller.js:45:24)\n    at Layer.handleRequest (D:\\projects\\devOps\\docker-course\\acquisitions\\node_modules\\router\\lib\\layer.js:152:17)\n    at next (D:\\projects\\devOps\\docker-course\\acquisitions\\node_modules\\router\\lib\\route.js:157:13)\n    at authenticateToken (file:///D:/projects/devOps/docker-course/acquisitions/src/middleware/auth.middleware.js:18:5)\n    at Layer.handleRequest (D:\\projects\\devOps\\docker-course\\acquisitions\\node_modules\\router\\lib\\layer.js:152:17)\n    at next (D:\\projects\\devOps\\docker-course\\acquisitions\\node_modules\\router\\lib\\route.js:157:13)\n    at Route.dispatch (D:\\projects\\devOps\\docker-course\\acquisitions\\node_modules\\router\\lib\\route.js:117:3)\n    at handle (D:\\projects\\devOps\\docker-course\\acquisitions\\node_modules\\router\\index.js:435:11)\n    at Layer.handleRequest (D:\\projects\\devOps\\docker-course\\acquisitions\\node_modules\\router\\lib\\layer.js:152:17)","timestamp":"2026-04-28T11:13:18.652Z"}
{"level":"error","message":"Error fetching user by id: Cannot access 'user' before initialization","service":"acquisitions-api","timestamp":"2026-04-28T11:13:18.654Z"}
{"level":"info","message":"::1 - - [28/Apr/2026:11:13:18 +0000] \"GET /api/users/2 HTTP/1.1\" 500 1425 \"-\" \"HTTPie\"","service":"acquisitions-api","timestamp":"2026-04-28T11:13:18.656Z"}
{"level":"info","message":"User authenticated: ranjeetv.dev@gmail.com (admin)","service":"acquisitions-api","timestamp":"2026-04-28T11:17:49.256Z"}
{"level":"info","message":"Getting user by id: 2","service":"acquisitions-api","timestamp":"2026-04-28T11:17:49.260Z"}
{"level":"info","message":"User vishwakarmashyam971@gmail.com retrieved successfully","service":"acquisitions-api","timestamp":"2026-04-28T11:17:53.505Z"}
{"level":"info","message":"::1 - - [28/Apr/2026:11:17:53 +0000] \"GET /api/users/2 HTTP/1.1\" 200 218 \"-\" \"HTTPie\"","service":"acquisitions-api","timestamp":"2026-04-28T11:17:53.533Z"}
{"level":"info","message":"User authenticated: ranjeetv.dev@gmail.com (admin)","service":"acquisitions-api","timestamp":"2026-04-28T14:05:23.087Z"}
{"level":"info","message":"Getting user by id: 2","service":"acquisitions-api","timestamp":"2026-04-28T14:05:23.090Z"}
{"level":"info","message":"User authenticated: ranjeetv.dev@gmail.com (admin)","service":"acquisitions-api","timestamp":"2026-04-28T14:05:37.309Z"}
{"level":"info","message":"Getting user by id: 2","service":"acquisitions-api","timestamp":"2026-04-28T14:05:37.313Z"}
{"level":"info","message":"User vishwakarmashyam971@gmail.com retrieved successfully","service":"acquisitions-api","timestamp":"2026-04-28T14:05:39.207Z"}
{"level":"info","message":"::1 - - [28/Apr/2026:14:05:39 +0000] \"GET /api/users/2 HTTP/1.1\" 200 218 \"-\" \"HTTPie\"","service":"acquisitions-api","timestamp":"2026-04-28T14:05:39.230Z"}
{"level":"info","message":"User authenticated: ranjeetv.dev@gmail.com (admin)","service":"acquisitions-api","timestamp":"2026-04-28T14:05:43.316Z"}
{"level":"info","message":"Getting user by id: 1","service":"acquisitions-api","timestamp":"2026-04-28T14:05:43.316Z"}
{"level":"info","message":"User ranjeetv.dev@gmail.com retrieved successfully","service":"acquisitions-api","timestamp":"2026-04-28T14:05:43.999Z"}
{"level":"info","message":"::1 - - [28/Apr/2026:14:05:44 +0000] \"GET /api/users/1 HTTP/1.1\" 200 214 \"-\" \"HTTPie\"","service":"acquisitions-api","timestamp":"2026-04-28T14:05:44.003Z"}
{"level":"info","message":"User authenticated: ranjeetv.dev@gmail.com (admin)","service":"acquisitions-api","timestamp":"2026-04-28T14:06:36.874Z"}
{"level":"info","message":"Getting user by id: 4","service":"acquisitions-api","timestamp":"2026-04-28T14:06:36.875Z"}
{"level":"error","message":"Error getting user by id ${id}:  User not found","service":"acquisitions-api","stack":"Error: User not found\n    at getUserById (file:///D:/projects/devOps/docker-course/acquisitions/src/services/users.service.js:40:13)\n    at process.processTicksAndRejections (node:internal/process/task_queues:104:5)\n    at async fetchUserById (file:///D:/projects/devOps/docker-course/acquisitions/src/controllers/users.controller.js:45:18)","timestamp":"2026-04-28T14:06:37.569Z"}
{"level":"error","message":"Error fetching user by id: User not found","service":"acquisitions-api","timestamp":"2026-04-28T14:06:37.572Z"}
{"level":"info","message":"::1 - - [28/Apr/2026:14:06:37 +0000] \"GET /api/users/4 HTTP/1.1\" 404 26 \"-\" \"HTTPie\"","service":"acquisitions-api","timestamp":"2026-04-28T14:06:37.576Z"}
{"level":"info","message":"User authenticated: ranjeetv.dev@gmail.com (admin)","service":"acquisitions-api","timestamp":"2026-04-28T14:07:05.434Z"}
{"level":"info","message":"Getting user by id: 4","service":"acquisitions-api","timestamp":"2026-04-28T14:07:05.434Z"}
{"level":"error","message":"Error getting user by id ${id}:  User not found","service":"acquisitions-api","stack":"Error: User not found\n    at getUserById (file:///D:/projects/devOps/docker-course/acquisitions/src/services/users.service.js:40:13)\n    at process.processTicksAndRejections (node:internal/process/task_queues:104:5)\n    at async fetchUserById (file:///D:/projects/devOps/docker-course/acquisitions/src/controllers/users.controller.js:45:18)","timestamp":"2026-04-28T14:07:06.112Z"}
{"level":"error","message":"Error fetching user by id: User not found","service":"acquisitions-api","timestamp":"2026-04-28T14:07:06.115Z"}
{"level":"info","message":"::1 - - [28/Apr/2026:14:07:06 +0000] \"GET /api/users/4 HTTP/1.1\" 404 26 \"-\" \"HTTPie\"","service":"acquisitions-api","timestamp":"2026-04-28T14:07:06.119Z"}
{"level":"info","message":"User authenticated: ranjeetv.dev@gmail.com (admin)","service":"acquisitions-api","timestamp":"2026-04-28T14:07:12.002Z"}
{"level":"info","message":"Getting user by id: 2","service":"acquisitions-api","timestamp":"2026-04-28T14:07:12.003Z"}
{"level":"info","message":"User vishwakarmashyam971@gmail.com retrieved successfully","service":"acquisitions-api","timestamp":"2026-04-28T14:07:12.976Z"}
{"level":"info","message":"::1 - - [28/Apr/2026:14:07:12 +0000] \"GET /api/users/2 HTTP/1.1\" 200 218 \"-\" \"HTTPie\"","service":"acquisitions-api","timestamp":"2026-04-28T14:07:12.983Z"}
{"level":"info","message":"User authenticated: ranjeetv.dev@gmail.com (admin)","service":"acquisitions-api","timestamp":"2026-04-28T14:07:21.249Z"}
{"level":"info","message":"Deleting user: 2","service":"acquisitions-api","timestamp":"2026-04-28T14:07:21.250Z"}
{"level":"info","message":"User vishwakarmashyam971@gmail.com deleted successfully","service":"acquisitions-api","timestamp":"2026-04-28T14:07:22.641Z"}
{"level":"info","message":"User undefined deleted successfully","service":"acquisitions-api","timestamp":"2026-04-28T14:07:22.642Z"}
{"level":"info","message":"::1 - - [28/Apr/2026:14:07:22 +0000] \"DELETE /api/users/2 HTTP/1.1\" 200 39 \"-\" \"HTTPie\"","service":"acquisitions-api","timestamp":"2026-04-28T14:07:22.646Z"}
{"level":"info","message":"User authenticated: ranjeetv.dev@gmail.com (admin)","service":"acquisitions-api","timestamp":"2026-04-28T14:07:36.551Z"}
{"level":"info","message":"Getting user by id: 2","service":"acquisitions-api","timestamp":"2026-04-28T14:07:36.551Z"}
{"level":"error","message":"Error getting user by id ${id}:  User not found","service":"acquisitions-api","stack":"Error: User not found\n    at getUserById (file:///D:/projects/devOps/docker-course/acquisitions/src/services/users.service.js:40:13)\n    at process.processTicksAndRejections (node:internal/process/task_queues:104:5)\n    at async fetchUserById (file:///D:/projects/devOps/docker-course/acquisitions/src/controllers/users.controller.js:45:18)","timestamp":"2026-04-28T14:07:37.255Z"}
{"level":"error","message":"Error fetching user by id: User not found","service":"acquisitions-api","timestamp":"2026-04-28T14:07:37.256Z"}
{"level":"info","message":"::1 - - [28/Apr/2026:14:07:37 +0000] \"GET /api/users/2 HTTP/1.1\" 404 26 \"-\" \"HTTPie\"","service":"acquisitions-api","timestamp":"2026-04-28T14:07:37.263Z"}
{"level":"info","message":"User authenticated: ranjeetv.dev@gmail.com (admin)","service":"acquisitions-api","timestamp":"2026-04-28T14:07:42.433Z"}
{"level":"info","message":"Getting users...","service":"acquisitions-api","timestamp":"2026-04-28T14:07:42.434Z"}
{"level":"info","message":"::1 - - [28/Apr/2026:14:07:43 +0000] \"GET /api/users/ HTTP/1.1\" 200 228 \"-\" \"HTTPie\"","service":"acquisitions-api","timestamp":"2026-04-28T14:07:43.120Z"}
{"level":"info","message":"User authenticated: ranjeetv.dev@gmail.com (admin)","service":"acquisitions-api","timestamp":"2026-04-28T14:12:57.953Z"}
{"level":"info","message":"Getting user by id: 1","service":"acquisitions-api","timestamp":"2026-04-28T14:12:57.959Z"}
{"level":"info","message":"User ranjeetv.dev@gmail.com retrieved successfully","service":"acquisitions-api","timestamp":"2026-04-28T14:13:00.637Z"}
{"level":"info","message":"::1 - - [28/Apr/2026:14:13:00 +0000] \"GET /api/users/1 HTTP/1.1\" 200 214 \"-\" \"HTTPie\"","service":"acquisitions-api","timestamp":"2026-04-28T14:13:00.658Z"}
{"level":"info","message":"User authenticated: ranjeetv.dev@gmail.com (admin)","service":"acquisitions-api","timestamp":"2026-04-28T14:13:05.835Z"}
{"level":"info","message":"Deleting user: 1","service":"acquisitions-api","timestamp":"2026-04-28T14:13:05.837Z"}
{"level":"info","message":"::1 - - [28/Apr/2026:14:13:05 +0000] \"DELETE /api/users/1 HTTP/1.1\" 403 74 \"-\" \"HTTPie\"","service":"acquisitions-api","timestamp":"2026-04-28T14:13:05.840Z"}
{"level":"info","message":"User authenticated: ranjeetv.dev@gmail.com (admin)","service":"acquisitions-api","timestamp":"2026-04-28T14:17:48.402Z"}
{"level":"info","message":"Getting users...","service":"acquisitions-api","timestamp":"2026-04-28T14:17:48.403Z"}
{"level":"info","message":"::1 - - [28/Apr/2026:14:17:50 +0000] \"GET /api/users HTTP/1.1\" 200 228 \"-\" \"HTTPie\"","service":"acquisitions-api","timestamp":"2026-04-28T14:17:50.416Z"}
{"level":"info","message":"::1 - - [29/Apr/2026:01:58:59 +0000] \"GET /health HTTP/1.1\" 200 73 \"-\" \"Mozilla/5.0 (Windows NT 10.0; Win64; x64) AppleWebKit/537.36 (KHTML, like Gecko) Chrome/147.0.0.0 Safari/537.36\"","service":"acquisitions-api","timestamp":"2026-04-29T01:58:59.640Z"}
{"level":"info","message":"::1 - - [29/Apr/2026:01:58:59 +0000] \"GET /favicon.ico HTTP/1.1\" 404 27 \"-\" \"Mozilla/5.0 (Windows NT 10.0; Win64; x64) AppleWebKit/537.36 (KHTML, like Gecko) Chrome/147.0.0.0 Safari/537.36\"","service":"acquisitions-api","timestamp":"2026-04-29T01:58:59.797Z"}
{"level":"info","message":"::ffff:127.0.0.1 - - [29/Apr/2026:02:09:00 +0000] \"GET /health HTTP/1.1\" 200 73 \"-\" \"-\"","service":"acquisitions-api","timestamp":"2026-04-29T02:09:00.281Z"}
{"level":"info","message":"::1 - - [29/Apr/2026:02:13:14 +0000] \"GET /api HTTP/1.1\" 200 42 \"-\" \"Mozilla/5.0 (Windows NT 10.0; Win64; x64) AppleWebKit/537.36 (KHTML, like Gecko) Chrome/147.0.0.0 Safari/537.36\"","service":"acquisitions-api","timestamp":"2026-04-29T02:13:14.752Z"}
{"level":"info","message":"::1 - - [29/Apr/2026:02:13:19 +0000] \"GET /api HTTP/1.1\" 304 - \"-\" \"Mozilla/5.0 (Windows NT 10.0; Win64; x64) AppleWebKit/537.36 (KHTML, like Gecko) Chrome/147.0.0.0 Safari/537.36\"","service":"acquisitions-api","timestamp":"2026-04-29T02:13:19.372Z"}
{"level":"info","message":"::ffff:127.0.0.1 - - [29/Apr/2026:02:14:12 +0000] \"GET /health HTTP/1.1\" 200 73 \"-\" \"-\"","service":"acquisitions-api","timestamp":"2026-04-29T02:14:12.054Z"}
{"level":"info","message":"::ffff:127.0.0.1 - - [29/Apr/2026:02:14:12 +0000] \"GET /api HTTP/1.1\" 200 42 \"-\" \"-\"","service":"acquisitions-api","timestamp":"2026-04-29T02:14:12.397Z"}
{"level":"info","message":"::1 - - [29/Apr/2026:02:16:48 +0000] \"GET /apid HTTP/1.1\" 404 27 \"-\" \"Mozilla/5.0 (Windows NT 10.0; Win64; x64) AppleWebKit/537.36 (KHTML, like Gecko) Chrome/147.0.0.0 Safari/537.36\"","service":"acquisitions-api","timestamp":"2026-04-29T02:16:48.491Z"}
{"level":"info","message":"::ffff:127.0.0.1 - - [29/Apr/2026:02:17:29 +0000] \"GET /health HTTP/1.1\" 200 74 \"-\" \"-\"","service":"acquisitions-api","timestamp":"2026-04-29T02:17:29.676Z"}
{"level":"info","message":"::ffff:127.0.0.1 - - [29/Apr/2026:02:17:30 +0000] \"GET /api HTTP/1.1\" 200 42 \"-\" \"-\"","service":"acquisitions-api","timestamp":"2026-04-29T02:17:30.417Z"}
{"level":"info","message":"::ffff:127.0.0.1 - - [29/Apr/2026:02:17:31 +0000] \"GET /nonexistent HTTP/1.1\" 404 27 \"-\" \"-\"","service":"acquisitions-api","timestamp":"2026-04-29T02:17:31.008Z"}
{"level":"info","message":"Hello from Acquisitions!","service":"acquisitions-api","timestamp":"2026-04-29T05:18:56.782Z"}
{"level":"info","message":"::1 - - [29/Apr/2026:05:18:56 +0000] \"GET / HTTP/1.1\" 200 24 \"-\" \"HTTPie\"","service":"acquisitions-api","timestamp":"2026-04-29T05:18:56.790Z"}
{"level":"info","message":"Hello from Acquisitions!","service":"acquisitions-api","timestamp":"2026-04-29T05:21:16.941Z"}
{"level":"info","message":"::1 - - [29/Apr/2026:05:21:16 +0000] \"GET / HTTP/1.1\" 200 24 \"-\" \"HTTPie\"","service":"acquisitions-api","timestamp":"2026-04-29T05:21:16.948Z"}
{"level":"info","message":"::1 - - [29/Apr/2026:05:25:30 +0000] \"GET /health HTTP/1.1\" 200 75 \"-\" \"HTTPie\"","service":"acquisitions-api","timestamp":"2026-04-29T05:25:30.509Z"}
{"level":"info","message":"::1 - - [29/Apr/2026:05:26:59 +0000] \"GET /api HTTP/1.1\" 200 42 \"-\" \"HTTPie\"","service":"acquisitions-api","timestamp":"2026-04-29T05:26:59.380Z"}
{"level":"info","message":"::1 - - [29/Apr/2026:07:02:43 +0000] \"POST /api/auth/sign-up HTTP/1.1\" 400 92 \"-\" \"HTTPie\"","service":"acquisitions-api","timestamp":"2026-04-29T07:02:43.180Z"}
{"level":"info","message":"::1 - - [29/Apr/2026:07:05:50 +0000] \"POST /api/auth/sign-up HTTP/1.1\" 400 92 \"-\" \"HTTPie\"","service":"acquisitions-api","timestamp":"2026-04-29T07:05:50.023Z"}
{"level":"info","message":"::1 - - [29/Apr/2026:07:08:01 +0000] \"POST /api/auth/sign-up HTTP/1.1\" 400 144 \"-\" \"HTTPie\"","service":"acquisitions-api","timestamp":"2026-04-29T07:08:01.019Z"}
{"level":"info","message":"::1 - - [29/Apr/2026:07:10:20 +0000] \"POST /api/auth/sign-up HTTP/1.1\" 400 144 \"-\" \"HTTPie\"","service":"acquisitions-api","timestamp":"2026-04-29T07:10:20.742Z"}
{"level":"info","message":"::1 - - [29/Apr/2026:07:12:31 +0000] \"POST /api/auth/sign-up HTTP/1.1\" 400 92 \"-\" \"HTTPie\"","service":"acquisitions-api","timestamp":"2026-04-29T07:12:31.995Z"}
{"level":"info","message":"::1 - - [29/Apr/2026:07:12:59 +0000] \"POST /api/auth/sign-up HTTP/1.1\" 400 91 \"-\" \"HTTPie\"","service":"acquisitions-api","timestamp":"2026-04-29T07:12:59.307Z"}
{"level":"info","message":"::1 - - [29/Apr/2026:07:13:25 +0000] \"POST /api/auth/sign-up HTTP/1.1\" 400 91 \"-\" \"HTTPie\"","service":"acquisitions-api","timestamp":"2026-04-29T07:13:25.585Z"}
{"level":"error","message":"Error creating the user: Error: Failed query: insert into \"users\" (\"id\", \"name\", \"email\", \"password\", \"role\", \"created_at\", \"updated_at\") values (default, $1, $2, $3, $4, default, default) returning \"id\", \"name\", \"email\", \"role\", \"created_at\"\nparams: Ranjeet Vishwakarma,ranjeetv.dev@gmail.com,$2b$10$9ZPvEQhvRQQg0t9a1Ef9RutCq3jXtymko6h8t4NdVYbwFhLKNSvkm,user","service":"acquisitions-api","timestamp":"2026-04-29T07:21:07.462Z"}
{"cause":{"code":"23505","constraint":"users_email_unique","detail":"Key (email)=(ranjeetv.dev@gmail.com) already exists.","file":"nbtinsert.c","line":"667","name":"NeonDbError","routine":"_bt_check_unique","schema":"public","severity":"ERROR","table":"users"},"level":"error","message":"Signup error Failed query: insert into \"users\" (\"id\", \"name\", \"email\", \"password\", \"role\", \"created_at\", \"updated_at\") values (default, $1, $2, $3, $4, default, default) returning \"id\", \"name\", \"email\", \"role\", \"created_at\"\nparams: Ranjeet Vishwakarma,ranjeetv.dev@gmail.com,$2b$10$9ZPvEQhvRQQg0t9a1Ef9RutCq3jXtymko6h8t4NdVYbwFhLKNSvkm,user","params":["Ranjeet Vishwakarma","ranjeetv.dev@gmail.com","$2b$10$9ZPvEQhvRQQg0t9a1Ef9RutCq3jXtymko6h8t4NdVYbwFhLKNSvkm","user"],"query":"insert into \"users\" (\"id\", \"name\", \"email\", \"password\", \"role\", \"created_at\", \"updated_at\") values (default, $1, $2, $3, $4, default, default) returning \"id\", \"name\", \"email\", \"role\", \"created_at\"","service":"acquisitions-api","stack":"Error: Failed query: insert into \"users\" (\"id\", \"name\", \"email\", \"password\", \"role\", \"created_at\", \"updated_at\") values (default, $1, $2, $3, $4, default, default) returning \"id\", \"name\", \"email\", \"role\", \"created_at\"\nparams: Ranjeet Vishwakarma,ranjeetv.dev@gmail.com,$2b$10$9ZPvEQhvRQQg0t9a1Ef9RutCq3jXtymko6h8t4NdVYbwFhLKNSvkm,user\n    at NeonHttpPreparedQuery.queryWithCache (file:///D:/projects/devOps/docker-course/acquisitions/node_modules/drizzle-orm/pg-core/session.js:41:15)\n    at process.processTicksAndRejections (node:internal/process/task_queues:104:5)\n    at async NeonHttpPreparedQuery.execute (file:///D:/projects/devOps/docker-course/acquisitions/node_modules/drizzle-orm/neon-http/session.js:45:20)\n    at async createUser (file:///D:/projects/devOps/docker-course/acquisitions/src/services/auth.service.js:30:23)\n    at async signup (file:///D:/projects/devOps/docker-course/acquisitions/src/controllers/auth.controller.js:20:18)","timestamp":"2026-04-29T07:21:07.466Z"}
{"level":"info","message":"::1 - - [29/Apr/2026:07:21:07 +0000] \"POST /api/auth/sign-up HTTP/1.1\" 500 1275 \"-\" \"HTTPie\"","service":"acquisitions-api","timestamp":"2026-04-29T07:21:07.472Z"}
{"level":"error","message":"Error creating the user: Error: Failed query: insert into \"users\" (\"id\", \"name\", \"email\", \"password\", \"role\", \"created_at\", \"updated_at\") values (default, $1, $2, $3, $4, default, default) returning \"id\", \"name\", \"email\", \"role\", \"created_at\"\nparams: Ranjeet Vishwakarma,ranjeetv.dev@gmail.com,$2b$10$tmtFbtNw7JH3LFVgMfpyLe9TUnY2iqRJbyoBN6OFkdbSdyl8J4xEO,user","service":"acquisitions-api","timestamp":"2026-04-29T07:25:45.271Z"}
{"cause":{"code":"23505","constraint":"users_email_unique","detail":"Key (email)=(ranjeetv.dev@gmail.com) already exists.","file":"nbtinsert.c","line":"667","name":"NeonDbError","routine":"_bt_check_unique","schema":"public","severity":"ERROR","table":"users"},"level":"error","message":"Signup error Failed query: insert into \"users\" (\"id\", \"name\", \"email\", \"password\", \"role\", \"created_at\", \"updated_at\") values (default, $1, $2, $3, $4, default, default) returning \"id\", \"name\", \"email\", \"role\", \"created_at\"\nparams: Ranjeet Vishwakarma,ranjeetv.dev@gmail.com,$2b$10$tmtFbtNw7JH3LFVgMfpyLe9TUnY2iqRJbyoBN6OFkdbSdyl8J4xEO,user","params":["Ranjeet Vishwakarma","ranjeetv.dev@gmail.com","$2b$10$tmtFbtNw7JH3LFVgMfpyLe9TUnY2iqRJbyoBN6OFkdbSdyl8J4xEO","user"],"query":"insert into \"users\" (\"id\", \"name\", \"email\", \"password\", \"role\", \"created_at\", \"updated_at\") values (default, $1, $2, $3, $4, default, default) returning \"id\", \"name\", \"email\", \"role\", \"created_at\"","service":"acquisitions-api","stack":"Error: Failed query: insert into \"users\" (\"id\", \"name\", \"email\", \"password\", \"role\", \"created_at\", \"updated_at\") values (default, $1, $2, $3, $4, default, default) returning \"id\", \"name\", \"email\", \"role\", \"created_at\"\nparams: Ranjeet Vishwakarma,ranjeetv.dev@gmail.com,$2b$10$tmtFbtNw7JH3LFVgMfpyLe9TUnY2iqRJbyoBN6OFkdbSdyl8J4xEO,user\n    at NeonHttpPreparedQuery.queryWithCache (file:///D:/projects/devOps/docker-course/acquisitions/node_modules/drizzle-orm/pg-core/session.js:41:15)\n    at process.processTicksAndRejections (node:internal/process/task_queues:104:5)\n    at async NeonHttpPreparedQuery.execute (file:///D:/projects/devOps/docker-course/acquisitions/node_modules/drizzle-orm/neon-http/session.js:45:20)\n    at async createUser (file:///D:/projects/devOps/docker-course/acquisitions/src/services/auth.service.js:30:23)\n    at async signup (file:///D:/projects/devOps/docker-course/acquisitions/src/controllers/auth.controller.js:20:18)","timestamp":"2026-04-29T07:25:45.276Z"}
{"level":"info","message":"::1 - - [29/Apr/2026:07:25:45 +0000] \"POST /api/auth/sign-up HTTP/1.1\" 500 1275 \"-\" \"HTTPie\"","service":"acquisitions-api","timestamp":"2026-04-29T07:25:45.285Z"}
{"level":"info","message":"::1 - - [29/Apr/2026:07:32:36 +0000] \"POST /api/auth/sign-up HTTP/1.1\" 400 91 \"-\" \"HTTPie\"","service":"acquisitions-api","timestamp":"2026-04-29T07:32:36.457Z"}
{"level":"info","message":"::1 - - [29/Apr/2026:07:32:46 +0000] \"POST /api/auth/sign-up HTTP/1.1\" 400 91 \"-\" \"HTTPie\"","service":"acquisitions-api","timestamp":"2026-04-29T07:32:46.590Z"}
{"level":"info","message":"::1 - - [29/Apr/2026:07:32:54 +0000] \"POST /api/auth/sign-up HTTP/1.1\" 400 91 \"-\" \"HTTPie\"","service":"acquisitions-api","timestamp":"2026-04-29T07:32:54.488Z"}
{"level":"error","message":"Error creating the user: Error: Failed query: insert into \"users\" (\"id\", \"name\", \"email\", \"password\", \"role\", \"created_at\", \"updated_at\") values (default, $1, $2, $3, $4, default, default) returning \"id\", \"name\", \"email\", \"role\", \"created_at\"\nparams: Ranjeet Vishwakarma,ranjeetv.dev@gmail.com,$2b$10$oW1pOJC3/0ImO2XKmvdiqetsLCWz81vrsZXq2Ne7pInqohuCChXGO,user","service":"acquisitions-api","timestamp":"2026-04-29T07:33:16.622Z"}
{"cause":{"code":"23505","constraint":"users_email_unique","detail":"Key (email)=(ranjeetv.dev@gmail.com) already exists.","file":"nbtinsert.c","line":"667","name":"NeonDbError","routine":"_bt_check_unique","schema":"public","severity":"ERROR","table":"users"},"level":"error","message":"Signup error Failed query: insert into \"users\" (\"id\", \"name\", \"email\", \"password\", \"role\", \"created_at\", \"updated_at\") values (default, $1, $2, $3, $4, default, default) returning \"id\", \"name\", \"email\", \"role\", \"created_at\"\nparams: Ranjeet Vishwakarma,ranjeetv.dev@gmail.com,$2b$10$oW1pOJC3/0ImO2XKmvdiqetsLCWz81vrsZXq2Ne7pInqohuCChXGO,user","params":["Ranjeet Vishwakarma","ranjeetv.dev@gmail.com","$2b$10$oW1pOJC3/0ImO2XKmvdiqetsLCWz81vrsZXq2Ne7pInqohuCChXGO","user"],"query":"insert into \"users\" (\"id\", \"name\", \"email\", \"password\", \"role\", \"created_at\", \"updated_at\") values (default, $1, $2, $3, $4, default, default) returning \"id\", \"name\", \"email\", \"role\", \"created_at\"","service":"acquisitions-api","stack":"Error: Failed query: insert into \"users\" (\"id\", \"name\", \"email\", \"password\", \"role\", \"created_at\", \"updated_at\") values (default, $1, $2, $3, $4, default, default) returning \"id\", \"name\", \"email\", \"role\", \"created_at\"\nparams: Ranjeet Vishwakarma,ranjeetv.dev@gmail.com,$2b$10$oW1pOJC3/0ImO2XKmvdiqetsLCWz81vrsZXq2Ne7pInqohuCChXGO,user\n    at NeonHttpPreparedQuery.queryWithCache (file:///D:/projects/devOps/docker-course/acquisitions/node_modules/drizzle-orm/pg-core/session.js:41:15)\n    at process.processTicksAndRejections (node:internal/process/task_queues:104:5)\n    at async NeonHttpPreparedQuery.execute (file:///D:/projects/devOps/docker-course/acquisitions/node_modules/drizzle-orm/neon-http/session.js:45:20)\n    at async createUser (file:///D:/projects/devOps/docker-course/acquisitions/src/services/auth.service.js:30:23)\n    at async signup (file:///D:/projects/devOps/docker-course/acquisitions/src/controllers/auth.controller.js:20:18)","timestamp":"2026-04-29T07:33:16.625Z"}
{"level":"info","message":"::1 - - [29/Apr/2026:07:33:16 +0000] \"POST /api/auth/sign-up HTTP/1.1\" 500 1275 \"-\" \"HTTPie\"","service":"acquisitions-api","timestamp":"2026-04-29T07:33:16.641Z"}
{"level":"error","message":"Error creating the user: Error: Failed query: insert into \"users\" (\"id\", \"name\", \"email\", \"password\", \"role\", \"created_at\", \"updated_at\") values (default, $1, $2, $3, $4, default, default) returning \"id\", \"name\", \"email\", \"role\", \"created_at\"\nparams: Ranjeet Vishwakarma,ranjeetv.dev@gmail.com,$2b$10$HIqC4kaU2J0OK2JDXr8B2uzRE.lundYuVxhDtnGybZFAQwuUE4Yci,user","service":"acquisitions-api","timestamp":"2026-04-29T07:38:54.734Z"}
{"cause":{"code":"23505","constraint":"users_email_unique","detail":"Key (email)=(ranjeetv.dev@gmail.com) already exists.","file":"nbtinsert.c","line":"667","name":"NeonDbError","routine":"_bt_check_unique","schema":"public","severity":"ERROR","table":"users"},"level":"error","message":"Signup error Failed query: insert into \"users\" (\"id\", \"name\", \"email\", \"password\", \"role\", \"created_at\", \"updated_at\") values (default, $1, $2, $3, $4, default, default) returning \"id\", \"name\", \"email\", \"role\", \"created_at\"\nparams: Ranjeet Vishwakarma,ranjeetv.dev@gmail.com,$2b$10$HIqC4kaU2J0OK2JDXr8B2uzRE.lundYuVxhDtnGybZFAQwuUE4Yci,user","params":["Ranjeet Vishwakarma","ranjeetv.dev@gmail.com","$2b$10$HIqC4kaU2J0OK2JDXr8B2uzRE.lundYuVxhDtnGybZFAQwuUE4Yci","user"],"query":"insert into \"users\" (\"id\", \"name\", \"email\", \"password\", \"role\", \"created_at\", \"updated_at\") values (default, $1, $2, $3, $4, default, default) returning \"id\", \"name\", \"email\", \"role\", \"created_at\"","service":"acquisitions-api","stack":"Error: Failed query: insert into \"users\" (\"id\", \"name\", \"email\", \"password\", \"role\", \"created_at\", \"updated_at\") values (default, $1, $2, $3, $4, default, default) returning \"id\", \"name\", \"email\", \"role\", \"created_at\"\nparams: Ranjeet Vishwakarma,ranjeetv.dev@gmail.com,$2b$10$HIqC4kaU2J0OK2JDXr8B2uzRE.lundYuVxhDtnGybZFAQwuUE4Yci,user\n    at NeonHttpPreparedQuery.queryWithCache (file:///D:/projects/devOps/docker-course/acquisitions/node_modules/drizzle-orm/pg-core/session.js:41:15)\n    at process.processTicksAndRejections (node:internal/process/task_queues:104:5)\n    at async NeonHttpPreparedQuery.execute (file:///D:/projects/devOps/docker-course/acquisitions/node_modules/drizzle-orm/neon-http/session.js:45:20)\n    at async createUser (file:///D:/projects/devOps/docker-course/acquisitions/src/services/auth.service.js:30:23)\n    at async signup (file:///D:/projects/devOps/docker-course/acquisitions/src/controllers/auth.controller.js:20:18)","timestamp":"2026-04-29T07:38:54.741Z"}
{"level":"info","message":"::1 - - [29/Apr/2026:07:38:54 +0000] \"POST /api/auth/sign-up HTTP/1.1\" 500 1275 \"-\" \"HTTPie\"","service":"acquisitions-api","timestamp":"2026-04-29T07:38:54.750Z"}
{"level":"error","message":"Error creating the user: Error: Failed query: insert into \"users\" (\"id\", \"name\", \"email\", \"password\", \"role\", \"created_at\", \"updated_at\") values (default, $1, $2, $3, $4, default, default) returning \"id\", \"name\", \"email\", \"role\", \"created_at\"\nparams: Ranjeet Vishwakarma,ranjeetv.dev@gmail.com,$2b$10$L78ePn7LFseUqoNxAcSvMe7ZR4XitVyNLJXRXG8aJPkGXNwesfOUa,user","service":"acquisitions-api","timestamp":"2026-04-29T07:40:05.368Z"}
{"cause":{"code":"23505","constraint":"users_email_unique","detail":"Key (email)=(ranjeetv.dev@gmail.com) already exists.","file":"nbtinsert.c","line":"667","name":"NeonDbError","routine":"_bt_check_unique","schema":"public","severity":"ERROR","table":"users"},"level":"error","message":"Signup error Failed query: insert into \"users\" (\"id\", \"name\", \"email\", \"password\", \"role\", \"created_at\", \"updated_at\") values (default, $1, $2, $3, $4, default, default) returning \"id\", \"name\", \"email\", \"role\", \"created_at\"\nparams: Ranjeet Vishwakarma,ranjeetv.dev@gmail.com,$2b$10$L78ePn7LFseUqoNxAcSvMe7ZR4XitVyNLJXRXG8aJPkGXNwesfOUa,user","params":["Ranjeet Vishwakarma","ranjeetv.dev@gmail.com","$2b$10$L78ePn7LFseUqoNxAcSvMe7ZR4XitVyNLJXRXG8aJPkGXNwesfOUa","user"],"query":"insert into \"users\" (\"id\", \"name\", \"email\", \"password\", \"role\", \"created_at\", \"updated_at\") values (default, $1, $2, $3, $4, default, default) returning \"id\", \"name\", \"email\", \"role\", \"created_at\"","service":"acquisitions-api","stack":"Error: Failed query: insert into \"users\" (\"id\", \"name\", \"email\", \"password\", \"role\", \"created_at\", \"updated_at\") values (default, $1, $2, $3, $4, default, default) returning \"id\", \"name\", \"email\", \"role\", \"created_at\"\nparams: Ranjeet Vishwakarma,ranjeetv.dev@gmail.com,$2b$10$L78ePn7LFseUqoNxAcSvMe7ZR4XitVyNLJXRXG8aJPkGXNwesfOUa,user\n    at NeonHttpPreparedQuery.queryWithCache (file:///D:/projects/devOps/docker-course/acquisitions/node_modules/drizzle-orm/pg-core/session.js:41:15)\n    at process.processTicksAndRejections (node:internal/process/task_queues:104:5)\n    at async NeonHttpPreparedQuery.execute (file:///D:/projects/devOps/docker-course/acquisitions/node_modules/drizzle-orm/neon-http/session.js:45:20)\n    at async createUser (file:///D:/projects/devOps/docker-course/acquisitions/src/services/auth.service.js:30:23)\n    at async signup (file:///D:/projects/devOps/docker-course/acquisitions/src/controllers/auth.controller.js:22:18)","timestamp":"2026-04-29T07:40:05.374Z"}
{"level":"info","message":"::1 - - [29/Apr/2026:07:40:05 +0000] \"POST /api/auth/sign-up HTTP/1.1\" 500 1275 \"-\" \"HTTPie\"","service":"acquisitions-api","timestamp":"2026-04-29T07:40:05.384Z"}
{"level":"error","message":"Error creating the user: Error: Failed query: insert into \"users\" (\"id\", \"name\", \"email\", \"password\", \"role\", \"created_at\", \"updated_at\") values (default, $1, $2, $3, $4, default, default) returning \"id\", \"name\", \"email\", \"role\", \"created_at\"\nparams: Ranjeet Vishwakarma,ranjeetv.dev@gmail.com,$2b$10$spqdYQUTpqmP5SUI/rUZHe9p4AuVTN6YN9x.SC0G4WklioZBV4d5e,user","service":"acquisitions-api","timestamp":"2026-04-29T07:48:08.780Z"}
{"cause":{"code":"23505","constraint":"users_email_unique","detail":"Key (email)=(ranjeetv.dev@gmail.com) already exists.","file":"nbtinsert.c","line":"667","name":"NeonDbError","routine":"_bt_check_unique","schema":"public","severity":"ERROR","table":"users"},"level":"error","message":"Signup error Failed query: insert into \"users\" (\"id\", \"name\", \"email\", \"password\", \"role\", \"created_at\", \"updated_at\") values (default, $1, $2, $3, $4, default, default) returning \"id\", \"name\", \"email\", \"role\", \"created_at\"\nparams: Ranjeet Vishwakarma,ranjeetv.dev@gmail.com,$2b$10$spqdYQUTpqmP5SUI/rUZHe9p4AuVTN6YN9x.SC0G4WklioZBV4d5e,user","params":["Ranjeet Vishwakarma","ranjeetv.dev@gmail.com","$2b$10$spqdYQUTpqmP5SUI/rUZHe9p4AuVTN6YN9x.SC0G4WklioZBV4d5e","user"],"query":"insert into \"users\" (\"id\", \"name\", \"email\", \"password\", \"role\", \"created_at\", \"updated_at\") values (default, $1, $2, $3, $4, default, default) returning \"id\", \"name\", \"email\", \"role\", \"created_at\"","service":"acquisitions-api","stack":"Error: Failed query: insert into \"users\" (\"id\", \"name\", \"email\", \"password\", \"role\", \"created_at\", \"updated_at\") values (default, $1, $2, $3, $4, default, default) returning \"id\", \"name\", \"email\", \"role\", \"created_at\"\nparams: Ranjeet Vishwakarma,ranjeetv.dev@gmail.com,$2b$10$spqdYQUTpqmP5SUI/rUZHe9p4AuVTN6YN9x.SC0G4WklioZBV4d5e,user\n    at NeonHttpPreparedQuery.queryWithCache (file:///D:/projects/devOps/docker-course/acquisitions/node_modules/drizzle-orm/pg-core/session.js:41:15)\n    at process.processTicksAndRejections (node:internal/process/task_queues:104:5)\n    at async NeonHttpPreparedQuery.execute (file:///D:/projects/devOps/docker-course/acquisitions/node_modules/drizzle-orm/neon-http/session.js:45:20)\n    at async createUser (file:///D:/projects/devOps/docker-course/acquisitions/src/services/auth.service.js:30:23)\n    at async signup (file:///D:/projects/devOps/docker-course/acquisitions/src/controllers/auth.controller.js:21:18)","timestamp":"2026-04-29T07:48:08.787Z"}
{"level":"info","message":"::1 - - [29/Apr/2026:07:48:08 +0000] \"POST /api/auth/sign-up HTTP/1.1\" 500 1275 \"-\" \"HTTPie\"","service":"acquisitions-api","timestamp":"2026-04-29T07:48:08.795Z"}
{"level":"error","message":"Error creating the user: Error: Failed query: insert into \"users\" (\"id\", \"name\", \"email\", \"password\", \"role\", \"created_at\", \"updated_at\") values (default, $1, $2, $3, $4, default, default) returning \"id\", \"name\", \"email\", \"role\", \"created_at\"\nparams: Ranjeet Vishwakarma,ranjeetv.dev@gmail.com,$2b$10$oDBOWddJllAIcbB1INkq9uKz9Yu6tgCCV8MI5Us3sbI7Bah3x0dmK,user","service":"acquisitions-api","timestamp":"2026-04-29T07:53:36.501Z"}
{"cause":{"code":"23505","constraint":"users_email_unique","detail":"Key (email)=(ranjeetv.dev@gmail.com) already exists.","file":"nbtinsert.c","line":"667","name":"NeonDbError","routine":"_bt_check_unique","schema":"public","severity":"ERROR","table":"users"},"level":"error","message":"Signup error Failed query: insert into \"users\" (\"id\", \"name\", \"email\", \"password\", \"role\", \"created_at\", \"updated_at\") values (default, $1, $2, $3, $4, default, default) returning \"id\", \"name\", \"email\", \"role\", \"created_at\"\nparams: Ranjeet Vishwakarma,ranjeetv.dev@gmail.com,$2b$10$oDBOWddJllAIcbB1INkq9uKz9Yu6tgCCV8MI5Us3sbI7Bah3x0dmK,user","params":["Ranjeet Vishwakarma","ranjeetv.dev@gmail.com","$2b$10$oDBOWddJllAIcbB1INkq9uKz9Yu6tgCCV8MI5Us3sbI7Bah3x0dmK","user"],"query":"insert into \"users\" (\"id\", \"name\", \"email\", \"password\", \"role\", \"created_at\", \"updated_at\") values (default, $1, $2, $3, $4, default, default) returning \"id\", \"name\", \"email\", \"role\", \"created_at\"","service":"acquisitions-api","stack":"Error: Failed query: insert into \"users\" (\"id\", \"name\", \"email\", \"password\", \"role\", \"created_at\", \"updated_at\") values (default, $1, $2, $3, $4, default, default) returning \"id\", \"name\", \"email\", \"role\", \"created_at\"\nparams: Ranjeet Vishwakarma,ranjeetv.dev@gmail.com,$2b$10$oDBOWddJllAIcbB1INkq9uKz9Yu6tgCCV8MI5Us3sbI7Bah3x0dmK,user\n    at NeonHttpPreparedQuery.queryWithCache (file:///D:/projects/devOps/docker-course/acquisitions/node_modules/drizzle-orm/pg-core/session.js:41:15)\n    at process.processTicksAndRejections (node:internal/process/task_queues:104:5)\n    at async NeonHttpPreparedQuery.execute (file:///D:/projects/devOps/docker-course/acquisitions/node_modules/drizzle-orm/neon-http/session.js:45:20)\n    at async createUser (file:///D:/projects/devOps/docker-course/acquisitions/src/services/auth.service.js:30:23)\n    at async signup (file:///D:/projects/devOps/docker-course/acquisitions/src/controllers/auth.controller.js:21:18)","timestamp":"2026-04-29T07:53:36.506Z"}
{"level":"info","message":"::1 - - [29/Apr/2026:07:53:36 +0000] \"POST /api/auth/sign-up HTTP/1.1\" 500 1275 \"-\" \"HTTPie\"","service":"acquisitions-api","timestamp":"2026-04-29T07:53:36.514Z"}
{"level":"error","message":"Signup error Unable to create account","service":"acquisitions-api","stack":"Error: Unable to create account\n    at createUser (file:///D:/projects/devOps/docker-course/acquisitions/src/services/auth.service.js:46:13)\n    at process.processTicksAndRejections (node:internal/process/task_queues:104:5)\n    at async signup (file:///D:/projects/devOps/docker-course/acquisitions/src/controllers/auth.controller.js:21:18)","timestamp":"2026-04-29T07:55:43.658Z"}
{"level":"info","message":"::1 - - [29/Apr/2026:07:55:43 +0000] \"POST /api/auth/sign-up HTTP/1.1\" 409 32 \"-\" \"HTTPie\"","service":"acquisitions-api","timestamp":"2026-04-29T07:55:43.674Z"}
{"level":"error","message":"Signup error Unable to create account","service":"acquisitions-api","stack":"Error: Unable to create account\n    at createUser (file:///D:/projects/devOps/docker-course/acquisitions/src/services/auth.service.js:46:13)\n    at process.processTicksAndRejections (node:internal/process/task_queues:104:5)\n    at async signup (file:///D:/projects/devOps/docker-course/acquisitions/src/controllers/auth.controller.js:21:18)","timestamp":"2026-04-29T07:57:18.559Z"}
{"level":"info","message":"::1 - - [29/Apr/2026:07:57:18 +0000] \"POST /api/auth/sign-up HTTP/1.1\" 409 32 \"-\" \"HTTPie\"","service":"acquisitions-api","timestamp":"2026-04-29T07:57:18.573Z"}
{"level":"error","message":"Signup error Unable to create account","service":"acquisitions-api","stack":"Error: Unable to create account\n    at createUser (file:///D:/projects/devOps/docker-course/acquisitions/src/services/auth.service.js:46:13)\n    at process.processTicksAndRejections (node:internal/process/task_queues:104:5)\n    at async signup (file:///D:/projects/devOps/docker-course/acquisitions/src/controllers/auth.controller.js:21:18)","timestamp":"2026-04-29T07:58:30.534Z"}
{"level":"info","message":"::1 - - [29/Apr/2026:07:58:30 +0000] \"POST /api/auth/sign-up HTTP/1.1\" 409 32 \"-\" \"HTTPie\"","service":"acquisitions-api","timestamp":"2026-04-29T07:58:30.541Z"}
{"level":"error","message":"Signup error Unable to create account","service":"acquisitions-api","stack":"Error: Unable to create account\n    at createUser (file:///D:/projects/devOps/docker-course/acquisitions/src/services/auth.service.js:46:13)\n    at process.processTicksAndRejections (node:internal/process/task_queues:104:5)\n    at async signup (file:///D:/projects/devOps/docker-course/acquisitions/src/controllers/auth.controller.js:21:18)","timestamp":"2026-04-29T08:03:16.731Z"}
{"level":"info","message":"::1 - - [29/Apr/2026:08:03:16 +0000] \"POST /api/auth/sign-up HTTP/1.1\" 409 32 \"-\" \"HTTPie\"","service":"acquisitions-api","timestamp":"2026-04-29T08:03:16.747Z"}
{"level":"error","message":"Signup error Unable to create account","service":"acquisitions-api","stack":"Error: Unable to create account\n    at createUser (file:///D:/projects/devOps/docker-course/acquisitions/src/services/auth.service.js:46:13)\n    at process.processTicksAndRejections (node:internal/process/task_queues:104:5)\n    at async signup (file:///D:/projects/devOps/docker-course/acquisitions/src/controllers/auth.controller.js:21:18)","timestamp":"2026-04-29T08:06:44.617Z"}
{"level":"info","message":"::1 - - [29/Apr/2026:08:06:44 +0000] \"POST /api/auth/sign-up HTTP/1.1\" 409 32 \"-\" \"HTTPie\"","service":"acquisitions-api","timestamp":"2026-04-29T08:06:44.628Z"}
{"level":"info","message":"::1 - - [29/Apr/2026:09:18:39 +0000] \"POST /api/auth/sign-up HTTP/1.1\" 400 151 \"-\" \"HTTPie\"","service":"acquisitions-api","timestamp":"2026-04-29T09:18:39.005Z"}
{"level":"info","message":"::1 - - [29/Apr/2026:09:18:58 +0000] \"POST /api/auth/sign-up HTTP/1.1\" 400 191 \"-\" \"HTTPie\"","service":"acquisitions-api","timestamp":"2026-04-29T09:18:58.791Z"}
{"level":"info","message":"::1 - - [29/Apr/2026:09:23:52 +0000] \"POST /api/auth/sign-up HTTP/1.1\" 400 155 \"-\" \"HTTPie\"","service":"acquisitions-api","timestamp":"2026-04-29T09:23:52.907Z"}
{"level":"info","message":"::1 - - [29/Apr/2026:09:24:06 +0000] \"POST /api/auth/sign-up HTTP/1.1\" 400 155 \"-\" \"HTTPie\"","service":"acquisitions-api","timestamp":"2026-04-29T09:24:06.851Z"}
{"level":"info","message":"::1 - - [29/Apr/2026:09:25:17 +0000] \"POST /api/auth/sign-up HTTP/1.1\" 400 155 \"-\" \"HTTPie\"","service":"acquisitions-api","timestamp":"2026-04-29T09:25:17.534Z"}
{"level":"info","message":"::1 - - [29/Apr/2026:09:25:24 +0000] \"POST /api/auth/sign-up HTTP/1.1\" 400 115 \"-\" \"HTTPie\"","service":"acquisitions-api","timestamp":"2026-04-29T09:25:24.374Z"}
{"level":"info","message":"::1 - - [29/Apr/2026:09:25:49 +0000] \"POST /api/auth/sign-up HTTP/1.1\" 400 155 \"-\" \"HTTPie\"","service":"acquisitions-api","timestamp":"2026-04-29T09:25:49.237Z"}
{"level":"info","message":"::1 - - [29/Apr/2026:09:25:54 +0000] \"POST /api/auth/sign-up HTTP/1.1\" 400 115 \"-\" \"HTTPie\"","service":"acquisitions-api","timestamp":"2026-04-29T09:25:54.889Z"}
{"level":"info","message":"::1 - - [29/Apr/2026:09:26:02 +0000] \"POST /api/auth/sign-up HTTP/1.1\" 400 115 \"-\" \"HTTPie\"","service":"acquisitions-api","timestamp":"2026-04-29T09:26:02.515Z"}
{"level":"error","message":"Signup error Unable to create account","service":"acquisitions-api","stack":"Error: Unable to create account\n    at createUser (file:///D:/projects/devOps/docker-course/acquisitions/src/services/auth.service.js:46:13)\n    at process.processTicksAndRejections (node:internal/process/task_queues:104:5)\n    at async signup (file:///D:/projects/devOps/docker-course/acquisitions/src/controllers/auth.controller.js:21:18)","timestamp":"2026-04-29T09:26:10.215Z"}
{"level":"info","message":"::1 - - [29/Apr/2026:09:26:10 +0000] \"POST /api/auth/sign-up HTTP/1.1\" 409 32 \"-\" \"HTTPie\"","service":"acquisitions-api","timestamp":"2026-04-29T09:26:10.218Z"}
{"level":"error","message":"Signup error Unable to create account","service":"acquisitions-api","stack":"Error: Unable to create account\n    at createUser (file:///D:/projects/devOps/docker-course/acquisitions/src/services/auth.service.js:46:13)\n    at process.processTicksAndRejections (node:internal/process/task_queues:104:5)\n    at async signup (file:///D:/projects/devOps/docker-course/acquisitions/src/controllers/auth.controller.js:21:18)","timestamp":"2026-04-29T10:51:16.918Z"}
{"level":"info","message":"::1 - - [29/Apr/2026:10:51:16 +0000] \"POST /api/auth/sign-up HTTP/1.1\" 409 47 \"-\" \"HTTPie\"","service":"acquisitions-api","timestamp":"2026-04-29T10:51:16.932Z"}
{"level":"error","message":"Signup error Unable to create account","service":"acquisitions-api","stack":"Error: Unable to create account\n    at createUser (file:///D:/projects/devOps/docker-course/acquisitions/src/services/auth.service.js:46:13)\n    at process.processTicksAndRejections (node:internal/process/task_queues:104:5)\n    at async signup (file:///D:/projects/devOps/docker-course/acquisitions/src/controllers/auth.controller.js:21:18)","timestamp":"2026-04-29T10:51:34.326Z"}
{"level":"info","message":"::1 - - [29/Apr/2026:10:51:34 +0000] \"POST /api/auth/sign-up HTTP/1.1\" 409 48 \"-\" \"HTTPie\"","service":"acquisitions-api","timestamp":"2026-04-29T10:51:34.339Z"}
